d:\facultate\sem ii\structuri de date si algoritmi\laboratoare\lab 3 modificat\priorityqueue_fixwd-capacity\priorityqueue_fixwd-capacity\x64\debug\vc143.pdb
d:\facultate\sem ii\structuri de date si algoritmi\laboratoare\lab 3 modificat\priorityqueue_fixwd-capacity\priorityqueue_fixwd-capacity\x64\debug\vc143.idb
d:\facultate\sem ii\structuri de date si algoritmi\laboratoare\lab 3 modificat\priorityqueue_fixwd-capacity\priorityqueue_fixwd-capacity\x64\debug\shorttest.obj
d:\facultate\sem ii\structuri de date si algoritmi\laboratoare\lab 3 modificat\priorityqueue_fixwd-capacity\priorityqueue_fixwd-capacity\x64\debug\priorityqueue.obj
d:\facultate\sem ii\structuri de date si algoritmi\laboratoare\lab 3 modificat\priorityqueue_fixwd-capacity\priorityqueue_fixwd-capacity\x64\debug\extendedtest.obj
d:\facultate\sem ii\structuri de date si algoritmi\laboratoare\lab 3 modificat\priorityqueue_fixwd-capacity\priorityqueue_fixwd-capacity\x64\debug\app.obj
d:\facultate\sem ii\structuri de date si algoritmi\laboratoare\lab 3 modificat\priorityqueue_fixwd-capacity\priorityqueue_fixwd-capacity\x64\debug\priorityqueue_fixwd-capacity.ilk
d:\facultate\sem ii\structuri de date si algoritmi\laboratoare\lab 3 modificat\priorityqueue_fixwd-capacity\priorityqueue_fixwd-capacity\x64\debug\extendedtest.obj.enc
d:\facultate\sem ii\structuri de date si algoritmi\laboratoare\lab 3 modificat\priorityqueue_fixwd-capacity\x64\debug\priorityqueue_fixwd-capacity.pdb
d:\facultate\sem ii\structuri de date si algoritmi\laboratoare\lab 3 modificat\priorityqueue_fixwd-capacity\priorityqueue_fixwd-capacity\x64\debug\priority.ffd453a0.tlog\cl.command.1.tlog
d:\facultate\sem ii\structuri de date si algoritmi\laboratoare\lab 3 modificat\priorityqueue_fixwd-capacity\priorityqueue_fixwd-capacity\x64\debug\priority.ffd453a0.tlog\cl.items.tlog
d:\facultate\sem ii\structuri de date si algoritmi\laboratoare\lab 3 modificat\priorityqueue_fixwd-capacity\priorityqueue_fixwd-capacity\x64\debug\priority.ffd453a0.tlog\cl.read.1.tlog
d:\facultate\sem ii\structuri de date si algoritmi\laboratoare\lab 3 modificat\priorityqueue_fixwd-capacity\priorityqueue_fixwd-capacity\x64\debug\priority.ffd453a0.tlog\cl.write.1.tlog
d:\facultate\sem ii\structuri de date si algoritmi\laboratoare\lab 3 modificat\priorityqueue_fixwd-capacity\priorityqueue_fixwd-capacity\x64\debug\priority.ffd453a0.tlog\link-cvtres.read.1.tlog
d:\facultate\sem ii\structuri de date si algoritmi\laboratoare\lab 3 modificat\priorityqueue_fixwd-capacity\priorityqueue_fixwd-capacity\x64\debug\priority.ffd453a0.tlog\link-cvtres.write.1.tlog
d:\facultate\sem ii\structuri de date si algoritmi\laboratoare\lab 3 modificat\priorityqueue_fixwd-capacity\priorityqueue_fixwd-capacity\x64\debug\priority.ffd453a0.tlog\link-rc.read.1.tlog
d:\facultate\sem ii\structuri de date si algoritmi\laboratoare\lab 3 modificat\priorityqueue_fixwd-capacity\priorityqueue_fixwd-capacity\x64\debug\priority.ffd453a0.tlog\link-rc.write.1.tlog
d:\facultate\sem ii\structuri de date si algoritmi\laboratoare\lab 3 modificat\priorityqueue_fixwd-capacity\priorityqueue_fixwd-capacity\x64\debug\priority.ffd453a0.tlog\link.32268-cvtres.read.1.tlog
d:\facultate\sem ii\structuri de date si algoritmi\laboratoare\lab 3 modificat\priorityqueue_fixwd-capacity\priorityqueue_fixwd-capacity\x64\debug\priority.ffd453a0.tlog\link.32268-cvtres.write.1.tlog
d:\facultate\sem ii\structuri de date si algoritmi\laboratoare\lab 3 modificat\priorityqueue_fixwd-capacity\priorityqueue_fixwd-capacity\x64\debug\priority.ffd453a0.tlog\link.32268-rc.read.1.tlog
d:\facultate\sem ii\structuri de date si algoritmi\laboratoare\lab 3 modificat\priorityqueue_fixwd-capacity\priorityqueue_fixwd-capacity\x64\debug\priority.ffd453a0.tlog\link.32268-rc.write.1.tlog
d:\facultate\sem ii\structuri de date si algoritmi\laboratoare\lab 3 modificat\priorityqueue_fixwd-capacity\priorityqueue_fixwd-capacity\x64\debug\priority.ffd453a0.tlog\link.32268.read.1.tlog
d:\facultate\sem ii\structuri de date si algoritmi\laboratoare\lab 3 modificat\priorityqueue_fixwd-capacity\priorityqueue_fixwd-capacity\x64\debug\priority.ffd453a0.tlog\link.32268.read.2.tlog
d:\facultate\sem ii\structuri de date si algoritmi\laboratoare\lab 3 modificat\priorityqueue_fixwd-capacity\priorityqueue_fixwd-capacity\x64\debug\priority.ffd453a0.tlog\link.32268.read.3.tlog
d:\facultate\sem ii\structuri de date si algoritmi\laboratoare\lab 3 modificat\priorityqueue_fixwd-capacity\priorityqueue_fixwd-capacity\x64\debug\priority.ffd453a0.tlog\link.32268.read.4.tlog
d:\facultate\sem ii\structuri de date si algoritmi\laboratoare\lab 3 modificat\priorityqueue_fixwd-capacity\priorityqueue_fixwd-capacity\x64\debug\priority.ffd453a0.tlog\link.32268.write.1.tlog
d:\facultate\sem ii\structuri de date si algoritmi\laboratoare\lab 3 modificat\priorityqueue_fixwd-capacity\priorityqueue_fixwd-capacity\x64\debug\priority.ffd453a0.tlog\link.command.1.tlog
d:\facultate\sem ii\structuri de date si algoritmi\laboratoare\lab 3 modificat\priorityqueue_fixwd-capacity\priorityqueue_fixwd-capacity\x64\debug\priority.ffd453a0.tlog\link.read.1.tlog
d:\facultate\sem ii\structuri de date si algoritmi\laboratoare\lab 3 modificat\priorityqueue_fixwd-capacity\priorityqueue_fixwd-capacity\x64\debug\priority.ffd453a0.tlog\link.read.2.tlog
d:\facultate\sem ii\structuri de date si algoritmi\laboratoare\lab 3 modificat\priorityqueue_fixwd-capacity\priorityqueue_fixwd-capacity\x64\debug\priority.ffd453a0.tlog\link.read.3.tlog
d:\facultate\sem ii\structuri de date si algoritmi\laboratoare\lab 3 modificat\priorityqueue_fixwd-capacity\priorityqueue_fixwd-capacity\x64\debug\priority.ffd453a0.tlog\link.read.4.tlog
d:\facultate\sem ii\structuri de date si algoritmi\laboratoare\lab 3 modificat\priorityqueue_fixwd-capacity\priorityqueue_fixwd-capacity\x64\debug\priority.ffd453a0.tlog\link.read.5.tlog
d:\facultate\sem ii\structuri de date si algoritmi\laboratoare\lab 3 modificat\priorityqueue_fixwd-capacity\priorityqueue_fixwd-capacity\x64\debug\priority.ffd453a0.tlog\link.secondary.1.tlog
d:\facultate\sem ii\structuri de date si algoritmi\laboratoare\lab 3 modificat\priorityqueue_fixwd-capacity\priorityqueue_fixwd-capacity\x64\debug\priority.ffd453a0.tlog\link.write.1.tlog
